{"meta": {"version": "5.5", "timestamp": "2021-04-01T13:24:44.447997", "branch_coverage": false, "show_contexts": false}, "files": {"__init__.py": {"executed_lines": [1, 2, 3, 4], "summary": {"covered_lines": 4, "num_statements": 4, "percent_covered": 100.0, "missing_lines": 0, "excluded_lines": 0}, "missing_lines": [], "excluded_lines": []}, "address/__init__.py": {"executed_lines": [1], "summary": {"covered_lines": 0, "num_statements": 0, "percent_covered": 100.0, "missing_lines": 0, "excluded_lines": 0}, "missing_lines": [], "excluded_lines": []}, "address/admin.py": {"executed_lines": [1, 2, 5, 6, 9], "summary": {"covered_lines": 5, "num_statements": 5, "percent_covered": 100.0, "missing_lines": 0, "excluded_lines": 0}, "missing_lines": [], "excluded_lines": []}, "address/apps.py": {"executed_lines": [], "summary": {"covered_lines": 0, "num_statements": 3, "percent_covered": 0.0, "missing_lines": 3, "excluded_lines": 0}, "missing_lines": [1, 4, 5], "excluded_lines": []}, "address/migrations/0001_initial.py": {"executed_lines": [3, 6, 8, 10, 13], "summary": {"covered_lines": 5, "num_statements": 5, "percent_covered": 100.0, "missing_lines": 0, "excluded_lines": 0}, "missing_lines": [], "excluded_lines": []}, "address/migrations/__init__.py": {"executed_lines": [1], "summary": {"covered_lines": 0, "num_statements": 0, "percent_covered": 100.0, "missing_lines": 0, "excluded_lines": 0}, "missing_lines": [], "excluded_lines": []}, "address/models.py": {"executed_lines": [1, 2, 5, 6, 7, 8, 9, 11, 15, 16, 17, 18], "summary": {"covered_lines": 12, "num_statements": 13, "percent_covered": 92.3076923076923, "missing_lines": 1, "excluded_lines": 0}, "missing_lines": [12], "excluded_lines": []}, "address/tests.py": {"executed_lines": [], "summary": {"covered_lines": 0, "num_statements": 1, "percent_covered": 0.0, "missing_lines": 1, "excluded_lines": 0}, "missing_lines": [1], "excluded_lines": []}, "address/views.py": {"executed_lines": [], "summary": {"covered_lines": 0, "num_statements": 1, "percent_covered": 0.0, "missing_lines": 1, "excluded_lines": 0}, "missing_lines": [1], "excluded_lines": []}, "api/__init__.py": {"executed_lines": [1], "summary": {"covered_lines": 0, "num_statements": 0, "percent_covered": 100.0, "missing_lines": 0, "excluded_lines": 0}, "missing_lines": [], "excluded_lines": []}, "api/asgi.py": {"executed_lines": [], "summary": {"covered_lines": 0, "num_statements": 4, "percent_covered": 0.0, "missing_lines": 4, "excluded_lines": 0}, "missing_lines": [10, 12, 14, 16], "excluded_lines": []}, "api/authentication.py": {"executed_lines": [1, 4, 6, 7], "summary": {"covered_lines": 4, "num_statements": 4, "percent_covered": 100.0, "missing_lines": 0, "excluded_lines": 0}, "missing_lines": [], "excluded_lines": []}, "api/exceptions.py": {"executed_lines": [1, 4, 5, 8, 9, 11, 12, 14], "summary": {"covered_lines": 8, "num_statements": 8, "percent_covered": 100.0, "missing_lines": 0, "excluded_lines": 0}, "missing_lines": [], "excluded_lines": []}, "api/permissions.py": {"executed_lines": [1, 2, 3, 6, 9, 10, 21, 23, 31, 33, 34, 35, 36, 38, 41, 42, 47, 48, 49, 50, 53, 54, 59, 65, 66, 67, 68], "summary": {"covered_lines": 25, "num_statements": 32, "percent_covered": 78.125, "missing_lines": 7, "excluded_lines": 0}, "missing_lines": [24, 25, 26, 28, 60, 61, 62], "excluded_lines": []}, "api/response.py": {"executed_lines": [1, 4, 5, 14, 15, 24, 32, 38, 46, 47, 55, 60, 68, 76, 84], "summary": {"covered_lines": 15, "num_statements": 15, "percent_covered": 100.0, "missing_lines": 0, "excluded_lines": 0}, "missing_lines": [], "excluded_lines": []}, "api/serializer.py": {"executed_lines": [1, 4, 5], "summary": {"covered_lines": 3, "num_statements": 3, "percent_covered": 100.0, "missing_lines": 0, "excluded_lines": 0}, "missing_lines": [], "excluded_lines": []}, "api/settings.py": {"executed_lines": [1, 13, 14, 17, 24, 27, 29, 30, 31, 32, 33, 37, 53, 63, 72, 73, 74, 75, 77, 78, 79, 80, 89, 90, 92, 94, 110, 116, 131, 150, 152, 154, 156, 158, 163, 164], "summary": {"covered_lines": 35, "num_statements": 35, "percent_covered": 100.0, "missing_lines": 0, "excluded_lines": 0}, "missing_lines": [], "excluded_lines": []}, "api/urls.py": {"executed_lines": [1, 16, 17, 18, 21], "summary": {"covered_lines": 4, "num_statements": 4, "percent_covered": 100.0, "missing_lines": 0, "excluded_lines": 0}, "missing_lines": [], "excluded_lines": []}, "api/views.py": {"executed_lines": [], "summary": {"covered_lines": 0, "num_statements": 3, "percent_covered": 0.0, "missing_lines": 3, "excluded_lines": 0}, "missing_lines": [1, 4, 5], "excluded_lines": []}, "api/wsgi.py": {"executed_lines": [], "summary": {"covered_lines": 0, "num_statements": 4, "percent_covered": 0.0, "missing_lines": 4, "excluded_lines": 0}, "missing_lines": [10, 12, 14, 16], "excluded_lines": []}, "company/__init__.py": {"executed_lines": [1], "summary": {"covered_lines": 0, "num_statements": 0, "percent_covered": 100.0, "missing_lines": 0, "excluded_lines": 0}, "missing_lines": [], "excluded_lines": []}, "company/admin.py": {"executed_lines": [1, 2, 5, 6, 9, 10, 13, 14], "summary": {"covered_lines": 8, "num_statements": 8, "percent_covered": 100.0, "missing_lines": 0, "excluded_lines": 0}, "missing_lines": [], "excluded_lines": []}, "company/apps.py": {"executed_lines": [], "summary": {"covered_lines": 0, "num_statements": 3, "percent_covered": 0.0, "missing_lines": 3, "excluded_lines": 0}, "missing_lines": [1, 4, 5], "excluded_lines": []}, "company/migrations/0001_initial.py": {"executed_lines": [3, 4, 7, 9, 11, 15], "summary": {"covered_lines": 6, "num_statements": 6, "percent_covered": 100.0, "missing_lines": 0, "excluded_lines": 0}, "missing_lines": [], "excluded_lines": []}, "company/migrations/__init__.py": {"executed_lines": [1], "summary": {"covered_lines": 0, "num_statements": 0, "percent_covered": 100.0, "missing_lines": 0, "excluded_lines": 0}, "missing_lines": [], "excluded_lines": []}, "company/models.py": {"executed_lines": [1, 2, 3, 4, 7, 8, 9, 10, 12, 16, 17, 18, 19, 21, 25, 26], "summary": {"covered_lines": 16, "num_statements": 22, "percent_covered": 72.72727272727273, "missing_lines": 6, "excluded_lines": 0}, "missing_lines": [13, 22, 27, 28, 30, 31], "excluded_lines": []}, "company/routes/__init__.py": {"executed_lines": [1], "summary": {"covered_lines": 0, "num_statements": 0, "percent_covered": 100.0, "missing_lines": 0, "excluded_lines": 0}, "missing_lines": [], "excluded_lines": []}, "company/routes/company/__init__.py": {"executed_lines": [1], "summary": {"covered_lines": 0, "num_statements": 0, "percent_covered": 100.0, "missing_lines": 0, "excluded_lines": 0}, "missing_lines": [], "excluded_lines": []}, "company/routes/company/detail.py": {"executed_lines": [1, 2, 3, 4, 6, 7, 8, 11, 14, 18, 19, 20, 22, 23, 24, 25, 30, 31, 34, 36, 37, 40], "summary": {"covered_lines": 21, "num_statements": 26, "percent_covered": 80.76923076923077, "missing_lines": 5, "excluded_lines": 0}, "missing_lines": [26, 27, 28, 32, 38], "excluded_lines": []}, "company/routes/company/list.py": {"executed_lines": [1, 2, 3, 5, 6, 7, 10, 12, 13, 14, 16, 17], "summary": {"covered_lines": 12, "num_statements": 12, "percent_covered": 100.0, "missing_lines": 0, "excluded_lines": 0}, "missing_lines": [], "excluded_lines": []}, "company/routes/company/serializer.py": {"executed_lines": [1, 3, 5, 6, 9, 10, 11, 12, 15, 16, 17, 19, 20, 21, 22, 24, 25, 26, 28, 29, 30, 32, 33, 34, 36, 37, 38, 40, 42, 43, 44, 46, 47, 49, 50, 52, 53, 54, 56], "summary": {"covered_lines": 39, "num_statements": 39, "percent_covered": 100.0, "missing_lines": 0, "excluded_lines": 0}, "missing_lines": [], "excluded_lines": []}, "company/tests/__init__.py": {"executed_lines": [1], "summary": {"covered_lines": 0, "num_statements": 0, "percent_covered": 100.0, "missing_lines": 0, "excluded_lines": 0}, "missing_lines": [], "excluded_lines": []}, "company/tests/tests_company.py": {"executed_lines": [1, 2, 4, 5, 8, 9, 10, 11, 12, 26, 28, 29, 30, 31, 33, 34, 35, 37, 39, 40, 42, 44, 45, 46, 48, 50, 51, 52, 54, 56, 57, 58, 60, 62, 63, 64, 66, 68, 69, 70, 72, 74, 75, 76, 78], "summary": {"covered_lines": 45, "num_statements": 45, "percent_covered": 100.0, "missing_lines": 0, "excluded_lines": 0}, "missing_lines": [], "excluded_lines": []}, "company/urls.py": {"executed_lines": [1, 2, 3, 6], "summary": {"covered_lines": 4, "num_statements": 4, "percent_covered": 100.0, "missing_lines": 0, "excluded_lines": 0}, "missing_lines": [], "excluded_lines": []}, "company/views.py": {"executed_lines": [], "summary": {"covered_lines": 0, "num_statements": 1, "percent_covered": 0.0, "missing_lines": 1, "excluded_lines": 0}, "missing_lines": [1], "excluded_lines": []}, "importer/__init__.py": {"executed_lines": [1], "summary": {"covered_lines": 0, "num_statements": 0, "percent_covered": 100.0, "missing_lines": 0, "excluded_lines": 0}, "missing_lines": [], "excluded_lines": []}, "importer/admin.py": {"executed_lines": [1], "summary": {"covered_lines": 1, "num_statements": 1, "percent_covered": 100.0, "missing_lines": 0, "excluded_lines": 0}, "missing_lines": [], "excluded_lines": []}, "importer/apps.py": {"executed_lines": [], "summary": {"covered_lines": 0, "num_statements": 3, "percent_covered": 0.0, "missing_lines": 3, "excluded_lines": 0}, "missing_lines": [1, 4, 5], "excluded_lines": []}, "importer/migrations/__init__.py": {"executed_lines": [1], "summary": {"covered_lines": 0, "num_statements": 0, "percent_covered": 100.0, "missing_lines": 0, "excluded_lines": 0}, "missing_lines": [], "excluded_lines": []}, "importer/models.py": {"executed_lines": [1], "summary": {"covered_lines": 1, "num_statements": 1, "percent_covered": 100.0, "missing_lines": 0, "excluded_lines": 0}, "missing_lines": [], "excluded_lines": []}, "importer/systems/MyANIWIN/__init__.py": {"executed_lines": [1], "summary": {"covered_lines": 0, "num_statements": 0, "percent_covered": 100.0, "missing_lines": 0, "excluded_lines": 0}, "missing_lines": [], "excluded_lines": []}, "importer/systems/MyANIWIN/owner.py": {"executed_lines": [1, 3, 4, 5, 6, 7, 8, 10, 11, 12, 13, 16, 17, 19, 20, 21, 22, 23, 25, 27, 29, 30, 31, 32, 34, 35, 36, 42, 43, 44, 45, 47, 48, 52, 54, 55, 56, 57, 58, 59, 61, 63, 64, 84, 85, 88, 89, 90, 91, 92, 93, 94, 95, 96, 97, 98, 99, 100, 101, 102, 103, 104, 105, 106, 107, 108, 109], "summary": {"covered_lines": 67, "num_statements": 69, "percent_covered": 97.10144927536231, "missing_lines": 2, "excluded_lines": 0}, "missing_lines": [49, 50], "excluded_lines": []}, "importer/systems/__init__.py": {"executed_lines": [1], "summary": {"covered_lines": 0, "num_statements": 0, "percent_covered": 100.0, "missing_lines": 0, "excluded_lines": 0}, "missing_lines": [], "excluded_lines": []}, "importer/tests.py": {"executed_lines": [], "summary": {"covered_lines": 0, "num_statements": 1, "percent_covered": 0.0, "missing_lines": 1, "excluded_lines": 0}, "missing_lines": [1], "excluded_lines": []}, "importer/tests/__init__.py": {"executed_lines": [1], "summary": {"covered_lines": 0, "num_statements": 0, "percent_covered": 100.0, "missing_lines": 0, "excluded_lines": 0}, "missing_lines": [], "excluded_lines": []}, "importer/tests/tests_MyANIWIN/__init__.py": {"executed_lines": [1], "summary": {"covered_lines": 0, "num_statements": 0, "percent_covered": 100.0, "missing_lines": 0, "excluded_lines": 0}, "missing_lines": [], "excluded_lines": []}, "importer/tests/tests_MyANIWIN/tests_owner.py": {"executed_lines": [1, 2, 3, 4, 6, 7, 10, 11, 12, 13, 14, 98, 99, 100, 101, 103, 104, 106, 108, 109, 110, 112, 115, 116, 118, 119, 120, 121, 122, 124, 126, 127, 128, 129, 132, 133, 134, 135, 136, 139, 140, 141, 143, 144, 145, 146, 150, 152, 154, 155, 157, 158, 159, 161, 163, 164, 165, 167, 169, 170, 171, 173, 175, 176, 177, 179], "summary": {"covered_lines": 66, "num_statements": 66, "percent_covered": 100.0, "missing_lines": 0, "excluded_lines": 0}, "missing_lines": [], "excluded_lines": []}, "importer/urls.py": {"executed_lines": [1, 3, 5], "summary": {"covered_lines": 3, "num_statements": 3, "percent_covered": 100.0, "missing_lines": 0, "excluded_lines": 0}, "missing_lines": [], "excluded_lines": []}, "importer/views.py": {"executed_lines": [], "summary": {"covered_lines": 0, "num_statements": 1, "percent_covered": 0.0, "missing_lines": 1, "excluded_lines": 0}, "missing_lines": [1], "excluded_lines": []}, "manage.py": {"executed_lines": [2, 3, 4, 7, 9, 10, 11, 18, 21, 22], "summary": {"covered_lines": 10, "num_statements": 12, "percent_covered": 83.33333333333333, "missing_lines": 2, "excluded_lines": 0}, "missing_lines": [12, 13], "excluded_lines": []}, "patient/__init__.py": {"executed_lines": [1], "summary": {"covered_lines": 0, "num_statements": 0, "percent_covered": 100.0, "missing_lines": 0, "excluded_lines": 0}, "missing_lines": [], "excluded_lines": []}, "patient/admin.py": {"executed_lines": [1, 2, 5, 6, 9], "summary": {"covered_lines": 5, "num_statements": 5, "percent_covered": 100.0, "missing_lines": 0, "excluded_lines": 0}, "missing_lines": [], "excluded_lines": []}, "patient/apps.py": {"executed_lines": [], "summary": {"covered_lines": 0, "num_statements": 3, "percent_covered": 0.0, "missing_lines": 3, "excluded_lines": 0}, "missing_lines": [1, 4, 5], "excluded_lines": []}, "patient/migrations/0001_initial.py": {"executed_lines": [3, 4, 5, 8, 10, 12, 16], "summary": {"covered_lines": 7, "num_statements": 7, "percent_covered": 100.0, "missing_lines": 0, "excluded_lines": 0}, "missing_lines": [], "excluded_lines": []}, "patient/migrations/__init__.py": {"executed_lines": [1], "summary": {"covered_lines": 0, "num_statements": 0, "percent_covered": 100.0, "missing_lines": 0, "excluded_lines": 0}, "missing_lines": [], "excluded_lines": []}, "patient/models.py": {"executed_lines": [1, 2, 4, 7, 8, 9, 12, 13, 14, 15, 16, 17, 19, 23, 24, 26, 27, 28, 29, 31, 32, 33, 34, 35, 37, 39, 40], "summary": {"covered_lines": 27, "num_statements": 28, "percent_covered": 96.42857142857143, "missing_lines": 1, "excluded_lines": 0}, "missing_lines": [20], "excluded_lines": []}, "patient/routes/__init__.py": {"executed_lines": [1, 2], "summary": {"covered_lines": 2, "num_statements": 2, "percent_covered": 100.0, "missing_lines": 0, "excluded_lines": 0}, "missing_lines": [], "excluded_lines": []}, "patient/routes/detail.py": {"executed_lines": [1, 2, 4, 5, 8, 12, 13, 14, 16, 17, 19, 20, 22, 23, 25, 26], "summary": {"covered_lines": 16, "num_statements": 16, "percent_covered": 100.0, "missing_lines": 0, "excluded_lines": 0}, "missing_lines": [], "excluded_lines": []}, "patient/routes/list.py": {"executed_lines": [1, 2, 3, 5, 6, 9, 12, 13, 14, 16, 17, 19, 20, 22, 23], "summary": {"covered_lines": 15, "num_statements": 15, "percent_covered": 100.0, "missing_lines": 0, "excluded_lines": 0}, "missing_lines": [], "excluded_lines": []}, "patient/tests/__init__.py": {"executed_lines": [1], "summary": {"covered_lines": 0, "num_statements": 0, "percent_covered": 100.0, "missing_lines": 0, "excluded_lines": 0}, "missing_lines": [], "excluded_lines": []}, "patient/tests/tests.py": {"executed_lines": [], "summary": {"covered_lines": 0, "num_statements": 1, "percent_covered": 0.0, "missing_lines": 1, "excluded_lines": 0}, "missing_lines": [1], "excluded_lines": []}, "patient/tests/tests_detail.py": {"executed_lines": [1, 3, 4, 6, 7, 10, 11, 12, 13, 15, 16, 17, 18, 20, 21, 22, 24, 26, 27, 28, 35, 37, 38, 39, 41], "summary": {"covered_lines": 25, "num_statements": 25, "percent_covered": 100.0, "missing_lines": 0, "excluded_lines": 0}, "missing_lines": [], "excluded_lines": []}, "patient/tests/tests_list.py": {"executed_lines": [1, 3, 4, 6, 7, 10, 11, 12, 13, 15, 16, 17, 18, 20, 21, 22, 24, 26, 27, 29, 31, 32, 33, 40, 42, 43, 45, 46, 47, 49, 51, 52, 59], "summary": {"covered_lines": 33, "num_statements": 33, "percent_covered": 100.0, "missing_lines": 0, "excluded_lines": 0}, "missing_lines": [], "excluded_lines": []}, "patient/urls.py": {"executed_lines": [1, 2, 4], "summary": {"covered_lines": 3, "num_statements": 3, "percent_covered": 100.0, "missing_lines": 0, "excluded_lines": 0}, "missing_lines": [], "excluded_lines": []}, "patient/views.py": {"executed_lines": [], "summary": {"covered_lines": 0, "num_statements": 1, "percent_covered": 0.0, "missing_lines": 1, "excluded_lines": 0}, "missing_lines": [1], "excluded_lines": []}, "test/fixture.py": {"executed_lines": [1, 3, 4, 6, 7, 8, 9, 12, 13, 14, 15, 16, 17, 18, 19, 20, 21, 22, 23, 24, 25, 26, 27, 28, 29, 30, 31, 32, 33, 34, 35, 36, 37, 38, 39, 40, 42, 43, 45, 46, 47, 49, 50, 52, 53, 54, 55, 56, 58, 59, 60, 61, 62, 64, 65, 66, 67, 68, 69, 70, 72, 74, 75, 76, 77, 78, 80, 81, 82, 83, 85, 86, 87, 88, 90, 91, 92, 93, 94, 96, 97, 98, 99, 101, 102, 103, 104, 105, 107, 108, 109, 110, 112, 113, 114, 115, 116, 118, 119, 120, 122, 123, 124, 125, 126, 128, 129, 130, 131, 132, 133, 135, 136, 138, 139, 140, 141, 142, 143, 144], "summary": {"covered_lines": 120, "num_statements": 120, "percent_covered": 100.0, "missing_lines": 0, "excluded_lines": 0}, "missing_lines": [], "excluded_lines": []}, "test/test_utils.py": {"executed_lines": [1, 3, 4, 7, 8, 10, 11, 12, 15, 16, 18, 19, 20, 21, 22, 25, 26, 28, 29, 30, 31, 32, 35, 36, 38, 39, 40, 43, 44, 46, 47, 48, 51, 52, 55, 56, 57, 60, 61, 62, 65, 66, 67, 70, 71, 72, 74, 75, 78, 79, 81, 82, 83, 84, 85, 88, 89, 90, 92], "summary": {"covered_lines": 59, "num_statements": 59, "percent_covered": 100.0, "missing_lines": 0, "excluded_lines": 0}, "missing_lines": [], "excluded_lines": []}, "user/__init__.py": {"executed_lines": [1], "summary": {"covered_lines": 0, "num_statements": 0, "percent_covered": 100.0, "missing_lines": 0, "excluded_lines": 0}, "missing_lines": [], "excluded_lines": []}, "user/admin.py": {"executed_lines": [1, 3, 4, 5, 7, 10, 11, 12, 14, 21, 27, 28, 29], "summary": {"covered_lines": 11, "num_statements": 11, "percent_covered": 100.0, "missing_lines": 0, "excluded_lines": 0}, "missing_lines": [], "excluded_lines": []}, "user/apps.py": {"executed_lines": [], "summary": {"covered_lines": 0, "num_statements": 3, "percent_covered": 0.0, "missing_lines": 3, "excluded_lines": 0}, "missing_lines": [1, 4, 5], "excluded_lines": []}, "user/customer_urls.py": {"executed_lines": [1, 2, 3, 5], "summary": {"covered_lines": 4, "num_statements": 4, "percent_covered": 100.0, "missing_lines": 0, "excluded_lines": 0}, "missing_lines": [], "excluded_lines": []}, "user/exceptions/__init__.py": {"executed_lines": [1], "summary": {"covered_lines": 1, "num_statements": 1, "percent_covered": 100.0, "missing_lines": 0, "excluded_lines": 0}, "missing_lines": [], "excluded_lines": []}, "user/exceptions/group.py": {"executed_lines": [1, 2], "summary": {"covered_lines": 2, "num_statements": 2, "percent_covered": 100.0, "missing_lines": 0, "excluded_lines": 0}, "missing_lines": [], "excluded_lines": []}, "user/manager.py": {"executed_lines": [1, 4, 5, 7, 9, 11, 13, 14, 15, 16, 17, 19, 21, 22, 23, 25], "summary": {"covered_lines": 15, "num_statements": 23, "percent_covered": 65.21739130434783, "missing_lines": 8, "excluded_lines": 0}, "missing_lines": [12, 27, 28, 30, 31, 32, 33, 35], "excluded_lines": []}, "user/migrations/0001_initial.py": {"executed_lines": [3, 4, 5, 6, 9, 11, 13, 17], "summary": {"covered_lines": 8, "num_statements": 8, "percent_covered": 100.0, "missing_lines": 0, "excluded_lines": 0}, "missing_lines": [], "excluded_lines": []}, "user/migrations/0002_user_company.py": {"executed_lines": [3, 4, 7, 9, 14], "summary": {"covered_lines": 5, "num_statements": 5, "percent_covered": 100.0, "missing_lines": 0, "excluded_lines": 0}, "missing_lines": [], "excluded_lines": []}, "user/migrations/0003_auto_20210224_1513.py": {"executed_lines": [3, 4, 7, 9, 14], "summary": {"covered_lines": 5, "num_statements": 5, "percent_covered": 100.0, "missing_lines": 0, "excluded_lines": 0}, "missing_lines": [], "excluded_lines": []}, "user/migrations/0004_auto_20210308_1509.py": {"executed_lines": [3, 4, 7, 9, 13], "summary": {"covered_lines": 5, "num_statements": 5, "percent_covered": 100.0, "missing_lines": 0, "excluded_lines": 0}, "missing_lines": [], "excluded_lines": []}, "user/migrations/0005_auto_20210325_1802.py": {"executed_lines": [3, 4, 5, 8, 10, 14], "summary": {"covered_lines": 6, "num_statements": 6, "percent_covered": 100.0, "missing_lines": 0, "excluded_lines": 0}, "missing_lines": [], "excluded_lines": []}, "user/migrations/__init__.py": {"executed_lines": [1], "summary": {"covered_lines": 0, "num_statements": 0, "percent_covered": 100.0, "missing_lines": 0, "excluded_lines": 0}, "missing_lines": [], "excluded_lines": []}, "user/models.py": {"executed_lines": [1, 3, 4, 5, 6, 7, 8, 10, 11, 12, 13, 16, 17, 18, 19, 20, 23, 24, 25, 26, 27, 28, 29, 32, 33, 34, 35, 36, 37, 38, 39, 40, 41, 42, 43, 44, 46, 47, 49, 51, 52, 54, 57, 60, 63, 64, 65, 67, 68, 69, 71, 84, 86, 87, 88, 89, 97, 98, 105], "summary": {"covered_lines": 59, "num_statements": 67, "percent_covered": 88.05970149253731, "missing_lines": 8, "excluded_lines": 0}, "missing_lines": [55, 58, 61, 90, 91, 93, 94, 95], "excluded_lines": []}, "user/routes/__init__.py": {"executed_lines": [1], "summary": {"covered_lines": 1, "num_statements": 1, "percent_covered": 100.0, "missing_lines": 0, "excluded_lines": 0}, "missing_lines": [], "excluded_lines": []}, "user/routes/auth.py": {"executed_lines": [1, 2, 3, 4, 5, 6, 7, 9, 10, 11, 12, 15, 17, 20, 21, 22, 23, 25, 26, 27, 28, 29, 31], "summary": {"covered_lines": 22, "num_statements": 26, "percent_covered": 84.61538461538461, "missing_lines": 4, "excluded_lines": 0}, "missing_lines": [40, 41, 44, 45], "excluded_lines": []}, "user/routes/change_email.py": {"executed_lines": [1, 2, 3, 4, 6, 9, 10, 13, 15, 16, 18, 19, 20, 22, 23, 24, 26], "summary": {"covered_lines": 16, "num_statements": 17, "percent_covered": 94.11764705882354, "missing_lines": 1, "excluded_lines": 0}, "missing_lines": [28], "excluded_lines": []}, "user/routes/change_password.py": {"executed_lines": [1, 2, 3, 4, 6, 9, 10, 13, 15, 16, 18, 19, 20, 22, 23, 24, 28, 29, 31], "summary": {"covered_lines": 18, "num_statements": 20, "percent_covered": 90.0, "missing_lines": 2, "excluded_lines": 0}, "missing_lines": [25, 33], "excluded_lines": []}, "user/routes/customers/__init__.py": {"executed_lines": [1], "summary": {"covered_lines": 0, "num_statements": 0, "percent_covered": 100.0, "missing_lines": 0, "excluded_lines": 0}, "missing_lines": [], "excluded_lines": []}, "user/routes/customers/detail.py": {"executed_lines": [1, 2, 4, 5, 6, 7, 10, 14, 18, 19, 21, 22, 24, 25, 27, 28, 30, 31], "summary": {"covered_lines": 17, "num_statements": 17, "percent_covered": 100.0, "missing_lines": 0, "excluded_lines": 0}, "missing_lines": [], "excluded_lines": []}, "user/routes/customers/list.py": {"executed_lines": [1, 2, 3, 5, 6, 7, 8, 11, 15, 18, 19, 20, 22, 23, 25, 26, 28, 29], "summary": {"covered_lines": 17, "num_statements": 17, "percent_covered": 100.0, "missing_lines": 0, "excluded_lines": 0}, "missing_lines": [], "excluded_lines": []}, "user/routes/login.py": {"executed_lines": [1, 2, 3, 4, 6, 7, 8, 9, 12, 13, 16, 17, 18, 19, 21, 22, 23, 24, 26, 27, 28, 29, 30, 39], "summary": {"covered_lines": 23, "num_statements": 26, "percent_covered": 88.46153846153847, "missing_lines": 3, "excluded_lines": 0}, "missing_lines": [40, 41, 43], "excluded_lines": []}, "user/routes/logout.py": {"executed_lines": [1, 2, 3, 4, 5, 7, 8, 9, 12, 14, 17, 18, 19, 20, 22], "summary": {"covered_lines": 14, "num_statements": 16, "percent_covered": 87.5, "missing_lines": 2, "excluded_lines": 0}, "missing_lines": [23, 25], "excluded_lines": []}, "user/routes/path.py": {"executed_lines": [1, 2, 3, 4], "summary": {"covered_lines": 4, "num_statements": 4, "percent_covered": 100.0, "missing_lines": 0, "excluded_lines": 0}, "missing_lines": [], "excluded_lines": []}, "user/routes/register.py": {"executed_lines": [1, 2, 4, 7, 8, 9], "summary": {"covered_lines": 6, "num_statements": 6, "percent_covered": 100.0, "missing_lines": 0, "excluded_lines": 0}, "missing_lines": [], "excluded_lines": []}, "user/routes/users/__init__.py": {"executed_lines": [1], "summary": {"covered_lines": 0, "num_statements": 0, "percent_covered": 100.0, "missing_lines": 0, "excluded_lines": 0}, "missing_lines": [], "excluded_lines": []}, "user/routes/users/detail.py": {"executed_lines": [1, 2, 3, 5, 6, 7, 8, 11, 15, 18, 19, 20, 22, 23, 25, 26, 28, 29, 31, 32], "summary": {"covered_lines": 19, "num_statements": 19, "percent_covered": 100.0, "missing_lines": 0, "excluded_lines": 0}, "missing_lines": [], "excluded_lines": []}, "user/routes/users/list.py": {"executed_lines": [1, 3, 4, 5, 7, 8, 9, 10, 11, 14, 18, 21, 22, 23, 25, 26, 28, 29, 31, 32], "summary": {"covered_lines": 19, "num_statements": 19, "percent_covered": 100.0, "missing_lines": 0, "excluded_lines": 0}, "missing_lines": [], "excluded_lines": []}, "user/serializers/__init__.py": {"executed_lines": [1, 2, 3, 4, 5], "summary": {"covered_lines": 5, "num_statements": 5, "percent_covered": 100.0, "missing_lines": 0, "excluded_lines": 0}, "missing_lines": [], "excluded_lines": []}, "user/serializers/change_email_serializer.py": {"executed_lines": [1, 2, 4, 7, 8, 11], "summary": {"covered_lines": 5, "num_statements": 5, "percent_covered": 100.0, "missing_lines": 0, "excluded_lines": 0}, "missing_lines": [], "excluded_lines": []}, "user/serializers/change_password_serializer.py": {"executed_lines": [1, 2, 5, 6, 9, 10, 12, 13, 14, 15], "summary": {"covered_lines": 9, "num_statements": 9, "percent_covered": 100.0, "missing_lines": 0, "excluded_lines": 0}, "missing_lines": [], "excluded_lines": []}, "user/serializers/login_serializer.py": {"executed_lines": [1, 3, 6, 7, 11, 12, 14, 15, 16], "summary": {"covered_lines": 8, "num_statements": 8, "percent_covered": 100.0, "missing_lines": 0, "excluded_lines": 0}, "missing_lines": [], "excluded_lines": []}, "user/serializers/user_detail_serializer.py": {"executed_lines": [1, 3, 5, 8, 9, 10, 12, 13, 14, 17, 19], "summary": {"covered_lines": 11, "num_statements": 22, "percent_covered": 50.0, "missing_lines": 11, "excluded_lines": 0}, "missing_lines": [20, 21, 22, 23, 24, 26, 27, 29, 31, 32, 34], "excluded_lines": []}, "user/serializers/user_list_serializer.py": {"executed_lines": [1, 3, 5, 8, 9, 10, 12, 13, 14, 15, 17, 18, 19, 20, 21, 22, 24, 25, 27, 29, 30, 32], "summary": {"covered_lines": 22, "num_statements": 22, "percent_covered": 100.0, "missing_lines": 0, "excluded_lines": 0}, "missing_lines": [], "excluded_lines": []}, "user/tests/__init__.py": {"executed_lines": [1], "summary": {"covered_lines": 0, "num_statements": 0, "percent_covered": 100.0, "missing_lines": 0, "excluded_lines": 0}, "missing_lines": [], "excluded_lines": []}, "user/tests/change/__init__.py": {"executed_lines": [1], "summary": {"covered_lines": 0, "num_statements": 0, "percent_covered": 100.0, "missing_lines": 0, "excluded_lines": 0}, "missing_lines": [], "excluded_lines": []}, "user/tests/change/tests_change_email.py": {"executed_lines": [1, 3, 4, 6, 7, 10, 11, 12, 13, 14, 16, 17, 18, 19, 21, 22, 23, 27, 29, 30, 31, 32, 34, 35, 36, 40, 42, 43, 44, 45, 47, 48, 49, 53, 55, 56, 57, 58, 60, 61, 64, 66, 67, 68, 69, 70], "summary": {"covered_lines": 46, "num_statements": 46, "percent_covered": 100.0, "missing_lines": 0, "excluded_lines": 0}, "missing_lines": [], "excluded_lines": []}, "user/tests/change/tests_change_password.py": {"executed_lines": [1, 3, 4, 6, 7, 10, 11, 12, 13, 14, 16, 17, 18, 19, 21, 22, 23, 28, 30, 31, 32, 34, 35, 36, 40, 42, 43, 44, 45, 47, 48, 53, 56, 57, 58, 61, 62, 63], "summary": {"covered_lines": 38, "num_statements": 38, "percent_covered": 100.0, "missing_lines": 0, "excluded_lines": 0}, "missing_lines": [], "excluded_lines": []}, "user/tests/customers/__init__.py": {"executed_lines": [1], "summary": {"covered_lines": 0, "num_statements": 0, "percent_covered": 100.0, "missing_lines": 0, "excluded_lines": 0}, "missing_lines": [], "excluded_lines": []}, "user/tests/customers/tests_detail.py": {"executed_lines": [1, 3, 4, 6, 7, 10, 11, 12, 13, 15, 16, 17, 18, 21, 22, 23, 24, 26, 27, 28, 29, 31, 32, 33, 36, 37, 38, 44, 46, 47, 48, 50, 51, 52, 58, 60, 61, 67, 70, 71, 72, 74, 76, 77, 79, 81, 82, 83, 85], "summary": {"covered_lines": 49, "num_statements": 49, "percent_covered": 100.0, "missing_lines": 0, "excluded_lines": 0}, "missing_lines": [], "excluded_lines": []}, "user/tests/customers/tests_list.py": {"executed_lines": [1, 2, 4, 5, 8, 9, 10, 11, 13, 14, 15, 16, 19, 20, 21, 22, 24, 25, 26, 27, 29, 30, 31, 32, 35, 36, 37, 39, 41, 42, 43, 45, 47, 48, 49, 55, 56, 58, 59, 60, 66, 67], "summary": {"covered_lines": 42, "num_statements": 42, "percent_covered": 100.0, "missing_lines": 0, "excluded_lines": 0}, "missing_lines": [], "excluded_lines": []}, "user/tests/tests_auth/__init__.py": {"executed_lines": [1], "summary": {"covered_lines": 0, "num_statements": 0, "percent_covered": 100.0, "missing_lines": 0, "excluded_lines": 0}, "missing_lines": [], "excluded_lines": []}, "user/tests/tests_auth/tests_auth.py": {"executed_lines": [1, 3, 4, 5, 6, 8, 9, 10, 13, 14, 15, 16, 17, 19, 20, 21, 22, 24, 25, 27, 29, 30, 32, 33, 35, 36, 38, 39, 40], "summary": {"covered_lines": 29, "num_statements": 29, "percent_covered": 100.0, "missing_lines": 0, "excluded_lines": 0}, "missing_lines": [], "excluded_lines": []}, "user/tests/tests_auth/tests_login.py": {"executed_lines": [1, 3, 4, 6, 7, 8, 11, 12, 13, 14, 15, 17, 18, 19, 20, 22, 23, 28, 29, 31, 32, 34, 35, 37, 38, 43, 44, 46, 47, 49, 50, 52, 53, 58, 59, 61, 62, 64, 65, 67, 68, 69, 71, 72, 74, 75], "summary": {"covered_lines": 46, "num_statements": 46, "percent_covered": 100.0, "missing_lines": 0, "excluded_lines": 0}, "missing_lines": [], "excluded_lines": []}, "user/tests/tests_auth/tests_register.py": {"executed_lines": [1, 2, 4, 5, 6, 9, 10, 11, 13, 14, 15, 16, 18, 19, 24], "summary": {"covered_lines": 15, "num_statements": 15, "percent_covered": 100.0, "missing_lines": 0, "excluded_lines": 0}, "missing_lines": [], "excluded_lines": []}, "user/tests/users/__init__.py": {"executed_lines": [1], "summary": {"covered_lines": 0, "num_statements": 0, "percent_covered": 100.0, "missing_lines": 0, "excluded_lines": 0}, "missing_lines": [], "excluded_lines": []}, "user/tests/users/tests_detail.py": {"executed_lines": [1, 3, 4, 6, 7, 8, 11, 12, 13, 14, 16, 17, 18, 19, 22, 23, 24, 25, 27, 28, 29, 30, 32, 33, 34, 37, 38, 39, 40, 43, 44, 45, 51, 53, 54, 55, 57, 58, 59, 65, 67, 68, 74, 76, 77, 78, 84, 87, 88, 90, 92, 93, 94, 96, 98, 99, 100, 102], "summary": {"covered_lines": 58, "num_statements": 58, "percent_covered": 100.0, "missing_lines": 0, "excluded_lines": 0}, "missing_lines": [], "excluded_lines": []}, "user/tests/users/tests_list.py": {"executed_lines": [1, 2, 4, 5, 7, 8, 11, 12, 13, 14, 16, 17, 18, 19, 22, 23, 24, 25, 26, 28, 29, 30, 31, 33, 34, 35, 36, 39, 40, 41, 43, 46, 47, 48, 50, 52, 53, 54, 60, 61, 63, 64, 65, 71, 72], "summary": {"covered_lines": 45, "num_statements": 45, "percent_covered": 100.0, "missing_lines": 0, "excluded_lines": 0}, "missing_lines": [], "excluded_lines": []}, "user/urls.py": {"executed_lines": [1, 2, 4, 5, 6, 7, 8, 9, 10, 11, 13], "summary": {"covered_lines": 11, "num_statements": 11, "percent_covered": 100.0, "missing_lines": 0, "excluded_lines": 0}, "missing_lines": [], "excluded_lines": []}, "user/views.py": {"executed_lines": [], "summary": {"covered_lines": 0, "num_statements": 1, "percent_covered": 0.0, "missing_lines": 1, "excluded_lines": 0}, "missing_lines": [1], "excluded_lines": []}}, "totals": {"covered_lines": 1467, "num_statements": 1564, "percent_covered": 93.79795396419438, "missing_lines": 97, "excluded_lines": 0}}